http://www.bzip.org/1.0.6/bzip2-1.0.6.tar.gz
https://www.cairographics.org/releases/cairo-1.16.0.tar.xz
https://curl.haxx.se/download/curl-7.64.1.tar.xz
http://www.fftw.org/fftw-3.3.8.tar.gz
https://www.fltk.org/pub/fltk/1.3.5/fltk-1.3.5-source.tar.bz2
http://ftp.gnome.org/pub/gnome/sources/gdk-pixbuf/2.38/gdk-pixbuf-2.38.1.tar.xz
http://ftp.gnome.org/pub/gnome/sources/glib/2.61/glib-2.61.0.tar.xz
https://ftp.gnu.org/gnu/glpk/glpk-4.65.tar.gz
https://ayera.dl.sourceforge.net/project/gnuplot/gnuplot/5.2.6/gnuplot-5.2.6.tar.gz
http://ftp.gnome.org/pub/gnome/sources/gobject-introspection/1.60/gobject-introspection-1.60.1.tar.xz
https://qa.debian.org/watch/sf.php/graphicsmagick/GraphicsMagick-1.3.31.tar.xz
https://ftp.gnu.org/gnu/gsl/gsl-2.5.tar.gz
https://www.freedesktop.org/software/harfbuzz/release/harfbuzz-2.4.0.tar.bz2
https://support.hdfgroup.org/ftp/HDF5/current/src/hdf5-1.10.5.tar.bz2
https://www.imagemagick.org/download/ImageMagick-7.0.8-41.tar.xz
http://www.ijg.org/files/jpegsrc.v9c.tar.gz
http://ftp.gnome.org/pub/gnome/sources/libcroco/0.6/libcroco-0.6.13.tar.xz
https://src.fedoraproject.org/repo/pkgs/librsvg2/librsvg-2.45.5.tar.xz/sha512/c623fadb519e93ba31575f44857f5251d6f3126f8f080157bf94896addaa9a504cda18a5e5f5c7d640088852814cd22d805bfc9fae321a03501d8008664ab4ca/librsvg-2.45.5.tar.xz
ftp://xmlsoft.org/libxml2/libxml2-sources-2.9.9.tar.gz
ftp://xmlsoft.org/libxml2/libxslt-1.1.33.tar.gz
http://ftp.ntu.edu.tw/MySQL/Downloads/Connector-C/mysql-connector-c-6.1.11-linux-glibc2.12-x86_64.tar.gz
https://ftp.gnu.org/gnu/octave/octave-5.1.0.tar.xz
https://superb-dca2.dl.sourceforge.net/project/openblas/v0.3.5/OpenBLAS%200.3.5%20version.tar.gz
https://github.com/uclouvain/openjpeg/archive/v2.3.1.tar.gz
http://ftp.gnome.org/pub/GNOME/sources/pango/1.43/pango-1.43.0.tar.xz
https://ftp.pcre.org/pub/pcre/pcre-8.43.tar.gz
https://www.cairographics.org/releases/pixman-0.38.4.tar.gz
https://poppler.freedesktop.org/poppler-0.75.0.tar.xz
http://www.qhull.org/download/qhull-2015-src-7.2.0.tgz
https://ayera.dl.sourceforge.net/project/qrupdate/qrupdate/1.2/qrupdate-1.1.2.tar.gz
https://cran.r-project.org/src/base/R-3/R-3.5.3.tar.gz
https://ftp.gnu.org/gnu/readline/readline-8.0.tar.gz
http://faculty.cse.tamu.edu/davis/SuiteSparse/SuiteSparse-5.4.0.tar.gz
https://ftp.gnu.org/gnu/texinfo/texinfo-6.6.tar.xz
http://download.osgeo.org/libtiff/tiff-4.0.10.tar.gz
https://tukaani.org/xz/xz-5.2.4.tar.bz2
http://zlib.net/zlib-1.2.11.tar.gz
https://github.com/xianyi/OpenBLAS/archive/v0.3.5.tar.gz
http://www.leptonica.org/source/leptonica-1.78.0.tar.gz
http://gnu.mirror.globo.tech/autoconf-archive/autoconf-archive-2018.03.13.tar.xz
https://github.com/tesseract-ocr/tesseract/archive/4.1.zip
http://storage.googleapis.com/downloads.webmproject.org/releases/webp/libwebp-1.0.2.tar.gz
http://download.osgeo.org/gdal/2.4.1/gdal-2.4.1.tar.gz
http://download.osgeo.org/proj/proj-6.0.0.tar.gz
https://www.sqlite.org/2019/sqlite-autoconf-3280000.tar.gz
